<?xml version="1.0" encoding="UTF-8"?>
<testsuite name="uitests.HomePageTests" tests="1" skipped="0" failures="0" errors="0" timestamp="2023-01-09T20:29:06" hostname="LIM-SDV-LP24-AZ" time="5.205">
  <properties/>
  <testcase name="homePageWithPageObject" classname="uitests.HomePageTests" time="5.205"/>
  <system-out><![CDATA[]]></system-out>
  <system-err><![CDATA[Starting ChromeDriver 108.0.5359.71 (1e0e3868ee06e91ad636a874420e3ca3ae3756ac-refs/branch-heads/5359@{#1016}) on port 26821
Only local connections are allowed.
Please see https://chromedriver.chromium.org/security-considerations for suggestions on keeping ChromeDriver safe.
ChromeDriver was started successfully.
]]></system-err>
</testsuite>
